# JRE version: OpenJDK Runtime Environment Temurin-21.0.2+13 (21.0.2+13) (build 21.0.2+13-LTS)
# Java VM: OpenJDK 64-Bit Server VM Temurin-21.0.2+13 (21.0.2+13-LTS, mixed mode, sharing, tiered, compressed oops, compressed class ptrs, g1 gc, windows-amd64)
GC Precious Log:
 CardTable entry size: 512
 Card Set container configuration: InlinePtr #cards 4 size 8 Array Of Cards #cards 16 size 48 Howl #buckets 8 coarsen threshold 3686 Howl Bitmap #cards 512 size 80 coarsen threshold 460 Card regions per heap region 1 cards per card region 4096
 CPUs: 8 total, 8 available
 Memory: 16153M
 Large Page Support: Disabled
 NUMA Support: Disabled
 Compressed Oops: Enabled (Zero based)
 Heap Region Size: 2M
 Heap Min Capacity: 8M
 Heap Initial Capacity: 254M
 Heap Max Capacity: 4040M
 Pre-touch: Disabled
 Parallel Workers: 8
 Concurrent Workers: 2
 Concurrent Refinement Workers: 8
 Periodic GC: Disabled
Heap:
 garbage-first heap   total 83968K, used 71266K [0x0000000703800000, 0x0000000800000000)
  region size 2048K, 22 young (45056K), 3 survivors (6144K)
 Metaspace       used 81513K, committed 82368K, reserved 1179648K
  class space    used 10354K, committed 10752K, reserved 1048576K
GC Heap History (20 events):
Event: 1082.737 GC heap after
{Heap after GC invocations=41 (full 3):
 garbage-first heap   total 69632K, used 38426K [0x0000000703800000, 0x0000000800000000)
  region size 2048K, 2 young (4096K), 2 survivors (4096K)
 Metaspace       used 80240K, committed 81024K, reserved 1179648K
  class space    used 10287K, committed 10624K, reserved 1048576K
}
Event: 1122.918 GC heap before
{Heap before GC invocations=41 (full 3):
 garbage-first heap   total 69632K, used 56858K [0x0000000703800000, 0x0000000800000000)
  region size 2048K, 11 young (22528K), 2 survivors (4096K)
 Metaspace       used 80398K, committed 81216K, reserved 1179648K
  class space    used 10293K, committed 10688K, reserved 1048576K
}
Event: 1122.926 GC heap after
{Heap after GC invocations=42 (full 3):
 garbage-first heap   total 69632K, used 36192K [0x0000000703800000, 0x0000000800000000)
  region size 2048K, 1 young (2048K), 1 survivors (2048K)
 Metaspace       used 80398K, committed 81216K, reserved 1179648K
  class space    used 10293K, committed 10688K, reserved 1048576K
}
Event: 1230.788 GC heap before
{Heap before GC invocations=42 (full 3):
 garbage-first heap   total 69632K, used 60768K [0x0000000703800000, 0x0000000800000000)
  region size 2048K, 13 young (26624K), 1 survivors (2048K)
 Metaspace       used 80416K, committed 81280K, reserved 1179648K
  class space    used 10295K, committed 10688K, reserved 1048576K
}
Event: 1230.791 GC heap after
{Heap after GC invocations=43 (full 3):
 garbage-first heap   total 69632K, used 38026K [0x0000000703800000, 0x0000000800000000)
  region size 2048K, 2 young (4096K), 2 survivors (4096K)
 Metaspace       used 80416K, committed 81280K, reserved 1179648K
  class space    used 10295K, committed 10688K, reserved 1048576K
}
Event: 1231.205 GC heap before
{Heap before GC invocations=44 (full 3):
 garbage-first heap   total 69632K, used 58506K [0x0000000703800000, 0x0000000800000000)
  region size 2048K, 12 young (24576K), 2 survivors (4096K)
 Metaspace       used 80457K, committed 81344K, reserved 1179648K
  class space    used 10296K, committed 10688K, reserved 1048576K
}
Event: 1231.208 GC heap after
{Heap after GC invocations=45 (full 3):
 garbage-first heap   total 69632K, used 39358K [0x0000000703800000, 0x0000000800000000)
  region size 2048K, 2 young (4096K), 2 survivors (4096K)
 Metaspace       used 80457K, committed 81344K, reserved 1179648K
  class space    used 10296K, committed 10688K, reserved 1048576K
}
Event: 1246.226 GC heap before
{Heap before GC invocations=45 (full 3):
 garbage-first heap   total 69632K, used 57790K [0x0000000703800000, 0x0000000800000000)
  region size 2048K, 11 young (22528K), 2 survivors (4096K)
 Metaspace       used 80648K, committed 81536K, reserved 1179648K
  class space    used 10302K, committed 10688K, reserved 1048576K
}
Event: 1246.228 GC heap after
{Heap after GC invocations=46 (full 3):
 garbage-first heap   total 69632K, used 34368K [0x0000000703800000, 0x0000000800000000)
  region size 2048K, 1 young (2048K), 1 survivors (2048K)
 Metaspace       used 80648K, committed 81536K, reserved 1179648K
  class space    used 10302K, committed 10688K, reserved 1048576K
}
Event: 1246.782 GC heap before
{Heap before GC invocations=46 (full 3):
 garbage-first heap   total 69632K, used 58944K [0x0000000703800000, 0x0000000800000000)
  region size 2048K, 13 young (26624K), 1 survivors (2048K)
 Metaspace       used 80693K, committed 81536K, reserved 1179648K
  class space    used 10306K, committed 10688K, reserved 1048576K
}
Event: 1246.785 GC heap after
{Heap after GC invocations=47 (full 3):
 garbage-first heap   total 69632K, used 35856K [0x0000000703800000, 0x0000000800000000)
  region size 2048K, 2 young (4096K), 2 survivors (4096K)
 Metaspace       used 80693K, committed 81536K, reserved 1179648K
  class space    used 10306K, committed 10688K, reserved 1048576K
}
Event: 1266.632 GC heap before
{Heap before GC invocations=48 (full 3):
 garbage-first heap   total 69632K, used 56336K [0x0000000703800000, 0x0000000800000000)
  region size 2048K, 12 young (24576K), 2 survivors (4096K)
 Metaspace       used 80863K, committed 81728K, reserved 1179648K
  class space    used 10314K, committed 10688K, reserved 1048576K
}
Event: 1266.634 GC heap after
{Heap after GC invocations=49 (full 3):
 garbage-first heap   total 83968K, used 33931K [0x0000000703800000, 0x0000000800000000)
  region size 2048K, 1 young (2048K), 1 survivors (2048K)
 Metaspace       used 80863K, committed 81728K, reserved 1179648K
  class space    used 10314K, committed 10688K, reserved 1048576K
}
Event: 1273.779 GC heap before
{Heap before GC invocations=49 (full 3):
 garbage-first heap   total 83968K, used 70795K [0x0000000703800000, 0x0000000800000000)
  region size 2048K, 20 young (40960K), 1 survivors (2048K)
 Metaspace       used 81036K, committed 81856K, reserved 1179648K
  class space    used 10326K, committed 10688K, reserved 1048576K
}
Event: 1273.781 GC heap after
{Heap after GC invocations=50 (full 3):
 garbage-first heap   total 83968K, used 31577K [0x0000000703800000, 0x0000000800000000)
  region size 2048K, 2 young (4096K), 2 survivors (4096K)
 Metaspace       used 81036K, committed 81856K, reserved 1179648K
  class space    used 10326K, committed 10688K, reserved 1048576K
}
Event: 1286.368 GC heap before
{Heap before GC invocations=50 (full 3):
 garbage-first heap   total 83968K, used 68441K [0x0000000703800000, 0x0000000800000000)
  region size 2048K, 21 young (43008K), 2 survivors (4096K)
 Metaspace       used 81107K, committed 81984K, reserved 1179648K
  class space    used 10331K, committed 10688K, reserved 1048576K
}
Event: 1286.371 GC heap after
{Heap after GC invocations=51 (full 3):
 garbage-first heap   total 83968K, used 33386K [0x0000000703800000, 0x0000000800000000)
  region size 2048K, 3 young (6144K), 3 survivors (6144K)
 Metaspace       used 81107K, committed 81984K, reserved 1179648K
  class space    used 10331K, committed 10688K, reserved 1048576K
}
Event: 1288.985 GC heap before
{Heap before GC invocations=52 (full 3):
 garbage-first heap   total 83968K, used 68202K [0x0000000703800000, 0x0000000800000000)
  region size 2048K, 20 young (40960K), 3 survivors (6144K)
 Metaspace       used 81263K, committed 82176K, reserved 1179648K
  class space    used 10343K, committed 10752K, reserved 1048576K
}
Event: 1288.987 GC heap after
{Heap after GC invocations=53 (full 3):
 garbage-first heap   total 83968K, used 32354K [0x0000000703800000, 0x0000000800000000)
  region size 2048K, 2 young (4096K), 2 survivors (4096K)
 Metaspace       used 81263K, committed 82176K, reserved 1179648K
  class space    used 10343K, committed 10752K, reserved 1048576K
}
Event: 1367.921 GC heap before
{Heap before GC invocations=53 (full 3):
 garbage-first heap   total 83968K, used 71266K [0x0000000703800000, 0x0000000800000000)
  region size 2048K, 21 young (43008K), 2 survivors (4096K)
 Metaspace       used 81513K, committed 82368K, reserved 1179648K
  class space    used 10354K, committed 10752K, reserved 1048576K
}

